<?xml version="1.0" encoding="UTF-8"?>
<!-- Generated by org.testng.reporters.JUnitReportReporter -->
<testsuite skipped="0" hostname="DESKTOP-46E6TOF" name="Sample.campaignTest" tests="2" failures="0" timestamp="2022-07-20T11:38:20 IST" time="39.185" errors="0">
  <testcase name="createCampaignWithproductTest" time="25.901" classname="Sample.campaignTest"/>
  <system-out/>
  <testcase name="CreateCampaignTest" time="13.284" classname="Sample.campaignTest"/>
  <system-out/>
</testsuite> <!-- Sample.campaignTest -->
