<?xml version="1.0" encoding="UTF-8"?>
<!-- Generated by org.testng.reporters.JUnitReportReporter -->
<testsuite skipped="0" hostname="DESKTOP-46E6TOF" name="Sample.ContactTest" tests="2" failures="0" timestamp="2022-07-20T11:38:20 IST" time="30.255" errors="0">
  <testcase name="createAndDeletetheContactTest" time="17.518" classname="Sample.ContactTest"/>
  <system-out/>
  <testcase name="createContactTest" time="12.737" classname="Sample.ContactTest"/>
  <system-out/>
</testsuite> <!-- Sample.ContactTest -->
