<?xml version="1.0" encoding="UTF-8"?>
<!-- Generated by org.testng.reporters.JUnitReportReporter -->
<testsuite hostname="DESKTOP-46E6TOF" failures="0" tests="1" name="practice.CustomerTest" time="10.934" errors="0" timestamp="2022-07-05T15:01:01 IST" skipped="0">
  <testcase classname="practice.CustomerTest" name="createAndDeletetheContactTest" time="10.934"/>
  <system-out/>
</testsuite> <!-- practice.CustomerTest -->
