<?xml version="1.0" encoding="UTF-8"?>
<!-- Generated by org.testng.reporters.JUnitReportReporter -->
<testsuite skipped="0" hostname="DESKTOP-46E6TOF" name="Sample.ContactTest" tests="2" failures="0" timestamp="2022-07-19T21:54:46 IST" time="31.774" errors="0">
  <testcase name="createContactTest" time="14.491" classname="Sample.ContactTest"/>
  <system-out/>
  <testcase name="createAndDeletetheContactTest" time="17.283" classname="Sample.ContactTest"/>
  <system-out/>
</testsuite> <!-- Sample.ContactTest -->
