<?xml version="1.0" encoding="UTF-8"?>
<!-- Generated by org.testng.reporters.JUnitReportReporter -->
<testsuite skipped="0" hostname="DESKTOP-46E6TOF" name="Sample.campaignTest" tests="2" failures="0" timestamp="2022-07-19T20:41:17 IST" time="39.974" errors="0">
  <testcase name="CreateCampaignTest" time="13.179" classname="Sample.campaignTest"/>
  <system-out/>
  <testcase name="createCampaignWithproductTest" time="26.795" classname="Sample.campaignTest"/>
  <system-out/>
</testsuite> <!-- Sample.campaignTest -->
