<?xml version="1.0" encoding="UTF-8"?>
<!-- Generated by org.testng.reporters.JUnitReportReporter -->
<testsuite hostname="DESKTOP-46E6TOF" failures="0" tests="5" name="practice.BookTicketProgramForDataProvider" time="0.012" errors="0" timestamp="2022-07-05T11:38:36 IST" skipped="0">
  <testcase classname="practice.BookTicketProgramForDataProvider" name="bookTicketTest" time="0.004"/>
  <system-out/>
  <testcase classname="practice.BookTicketProgramForDataProvider" name="bookTicketTest" time="0.003"/>
  <system-out/>
  <testcase classname="practice.BookTicketProgramForDataProvider" name="bookTicketTest" time="0.001"/>
  <system-out/>
  <testcase classname="practice.BookTicketProgramForDataProvider" name="bookTicketTest" time="0.002"/>
  <system-out/>
  <testcase classname="practice.BookTicketProgramForDataProvider" name="bookTicketTest" time="0.002"/>
  <system-out/>
</testsuite> <!-- practice.BookTicketProgramForDataProvider -->
